Analysis & Synthesis report for SIMCONT
Fri Jan 19 05:13:39 2024
Quartus Prime Version 19.1.0 Build 670 09/22/2019 SJ Lite Edition


---------------------
; Table of Contents ;
---------------------
  1. Legal Notice
  2. Analysis & Synthesis Summary
  3. Analysis & Synthesis Settings
  4. Parallel Compilation
  5. Analysis & Synthesis Source Files Read
  6. Analysis & Synthesis Resource Usage Summary
  7. Analysis & Synthesis Resource Utilization by Entity
  8. User-Specified and Inferred Latches
  9. General Register Statistics
 10. Multiplexer Restructuring Statistics (Restructuring Performed)
 11. Parameter Settings for User Entity Instance: 7485:inst42
 12. Parameter Settings for User Entity Instance: 7485:inst4
 13. Parameter Settings for User Entity Instance: 7485:inst7
 14. Post-Synthesis Netlist Statistics for Top Partition
 15. Elapsed Time Per Partition
 16. Analysis & Synthesis Messages



----------------
; Legal Notice ;
----------------
Copyright (C) 2019  Intel Corporation. All rights reserved.
Your use of Intel Corporation's design tools, logic functions 
and other software and tools, and any partner logic 
functions, and any output files from any of the foregoing 
(including device programming or simulation files), and any 
associated documentation or information are expressly subject 
to the terms and conditions of the Intel Program License 
Subscription Agreement, the Intel Quartus Prime License Agreement,
the Intel FPGA IP License Agreement, or other applicable license
agreement, including, without limitation, that your use is for
the sole purpose of programming logic devices manufactured by
Intel and sold by Intel or its authorized distributors.  Please
refer to the applicable agreement for further details, at
https://fpgasoftware.intel.com/eula.



+-------------------------------------------------------------------------------+
; Analysis & Synthesis Summary                                                  ;
+---------------------------------+---------------------------------------------+
; Analysis & Synthesis Status     ; Successful - Fri Jan 19 05:13:39 2024       ;
; Quartus Prime Version           ; 19.1.0 Build 670 09/22/2019 SJ Lite Edition ;
; Revision Name                   ; SIMCONT                                     ;
; Top-level Entity Name           ; SIMCONT                                     ;
; Family                          ; Cyclone V                                   ;
; Logic utilization (in ALMs)     ; N/A                                         ;
; Total registers                 ; 0                                           ;
; Total pins                      ; 19                                          ;
; Total virtual pins              ; 0                                           ;
; Total block memory bits         ; 0                                           ;
; Total DSP Blocks                ; 0                                           ;
; Total HSSI RX PCSs              ; 0                                           ;
; Total HSSI PMA RX Deserializers ; 0                                           ;
; Total HSSI TX PCSs              ; 0                                           ;
; Total HSSI PMA TX Serializers   ; 0                                           ;
; Total PLLs                      ; 0                                           ;
; Total DLLs                      ; 0                                           ;
+---------------------------------+---------------------------------------------+


+---------------------------------------------------------------------------------------------------------------------------+
; Analysis & Synthesis Settings                                                                                             ;
+---------------------------------------------------------------------------------+--------------------+--------------------+
; Option                                                                          ; Setting            ; Default Value      ;
+---------------------------------------------------------------------------------+--------------------+--------------------+
; Device                                                                          ; 5CGXFC7C7F23C8     ;                    ;
; Top-level entity name                                                           ; SIMCONT            ; SIMCONT            ;
; Family name                                                                     ; Cyclone V          ; Cyclone V          ;
; Use smart compilation                                                           ; Off                ; Off                ;
; Enable parallel Assembler and Timing Analyzer during compilation                ; On                 ; On                 ;
; Enable compact report table                                                     ; Off                ; Off                ;
; Restructure Multiplexers                                                        ; Auto               ; Auto               ;
; MLAB Add Timing Constraints For Mixed-Port Feed-Through Mode Setting Don't Care ; Off                ; Off                ;
; Create Debugging Nodes for IP Cores                                             ; Off                ; Off                ;
; Preserve fewer node names                                                       ; On                 ; On                 ;
; Intel FPGA IP Evaluation Mode                                                   ; Enable             ; Enable             ;
; Verilog Version                                                                 ; Verilog_2001       ; Verilog_2001       ;
; VHDL Version                                                                    ; VHDL_1993          ; VHDL_1993          ;
; State Machine Processing                                                        ; Auto               ; Auto               ;
; Safe State Machine                                                              ; Off                ; Off                ;
; Extract Verilog State Machines                                                  ; On                 ; On                 ;
; Extract VHDL State Machines                                                     ; On                 ; On                 ;
; Ignore Verilog initial constructs                                               ; Off                ; Off                ;
; Iteration limit for constant Verilog loops                                      ; 5000               ; 5000               ;
; Iteration limit for non-constant Verilog loops                                  ; 250                ; 250                ;
; Add Pass-Through Logic to Inferred RAMs                                         ; On                 ; On                 ;
; Infer RAMs from Raw Logic                                                       ; On                 ; On                 ;
; Parallel Synthesis                                                              ; On                 ; On                 ;
; DSP Block Balancing                                                             ; Auto               ; Auto               ;
; NOT Gate Push-Back                                                              ; On                 ; On                 ;
; Power-Up Don't Care                                                             ; On                 ; On                 ;
; Remove Redundant Logic Cells                                                    ; Off                ; Off                ;
; Remove Duplicate Registers                                                      ; On                 ; On                 ;
; Ignore CARRY Buffers                                                            ; Off                ; Off                ;
; Ignore CASCADE Buffers                                                          ; Off                ; Off                ;
; Ignore GLOBAL Buffers                                                           ; Off                ; Off                ;
; Ignore ROW GLOBAL Buffers                                                       ; Off                ; Off                ;
; Ignore LCELL Buffers                                                            ; Off                ; Off                ;
; Ignore SOFT Buffers                                                             ; On                 ; On                 ;
; Limit AHDL Integers to 32 Bits                                                  ; Off                ; Off                ;
; Optimization Technique                                                          ; Balanced           ; Balanced           ;
; Carry Chain Length                                                              ; 70                 ; 70                 ;
; Auto Carry Chains                                                               ; On                 ; On                 ;
; Auto Open-Drain Pins                                                            ; On                 ; On                 ;
; Perform WYSIWYG Primitive Resynthesis                                           ; Off                ; Off                ;
; Auto ROM Replacement                                                            ; On                 ; On                 ;
; Auto RAM Replacement                                                            ; On                 ; On                 ;
; Auto DSP Block Replacement                                                      ; On                 ; On                 ;
; Auto Shift Register Replacement                                                 ; Auto               ; Auto               ;
; Allow Shift Register Merging across Hierarchies                                 ; Auto               ; Auto               ;
; Auto Clock Enable Replacement                                                   ; On                 ; On                 ;
; Strict RAM Replacement                                                          ; Off                ; Off                ;
; Allow Synchronous Control Signals                                               ; On                 ; On                 ;
; Force Use of Synchronous Clear Signals                                          ; Off                ; Off                ;
; Auto Resource Sharing                                                           ; Off                ; Off                ;
; Allow Any RAM Size For Recognition                                              ; Off                ; Off                ;
; Allow Any ROM Size For Recognition                                              ; Off                ; Off                ;
; Allow Any Shift Register Size For Recognition                                   ; Off                ; Off                ;
; Use LogicLock Constraints during Resource Balancing                             ; On                 ; On                 ;
; Ignore translate_off and synthesis_off directives                               ; Off                ; Off                ;
; Timing-Driven Synthesis                                                         ; On                 ; On                 ;
; Report Parameter Settings                                                       ; On                 ; On                 ;
; Report Source Assignments                                                       ; On                 ; On                 ;
; Report Connectivity Checks                                                      ; On                 ; On                 ;
; Ignore Maximum Fan-Out Assignments                                              ; Off                ; Off                ;
; Synchronization Register Chain Length                                           ; 3                  ; 3                  ;
; Power Optimization During Synthesis                                             ; Normal compilation ; Normal compilation ;
; HDL message level                                                               ; Level2             ; Level2             ;
; Suppress Register Optimization Related Messages                                 ; Off                ; Off                ;
; Number of Removed Registers Reported in Synthesis Report                        ; 5000               ; 5000               ;
; Number of Swept Nodes Reported in Synthesis Report                              ; 5000               ; 5000               ;
; Number of Inverted Registers Reported in Synthesis Report                       ; 100                ; 100                ;
; Clock MUX Protection                                                            ; On                 ; On                 ;
; Auto Gated Clock Conversion                                                     ; Off                ; Off                ;
; Block Design Naming                                                             ; Auto               ; Auto               ;
; SDC constraint protection                                                       ; Off                ; Off                ;
; Synthesis Effort                                                                ; Auto               ; Auto               ;
; Shift Register Replacement - Allow Asynchronous Clear Signal                    ; On                 ; On                 ;
; Pre-Mapping Resynthesis Optimization                                            ; Off                ; Off                ;
; Analysis & Synthesis Message Level                                              ; Medium             ; Medium             ;
; Disable Register Merging Across Hierarchies                                     ; Auto               ; Auto               ;
; Resource Aware Inference For Block RAM                                          ; On                 ; On                 ;
; Automatic Parallel Synthesis                                                    ; On                 ; On                 ;
; Partial Reconfiguration Bitstream ID                                            ; Off                ; Off                ;
+---------------------------------------------------------------------------------+--------------------+--------------------+


+------------------------------------------+
; Parallel Compilation                     ;
+----------------------------+-------------+
; Processors                 ; Number      ;
+----------------------------+-------------+
; Number detected on machine ; 16          ;
; Maximum allowed            ; 16          ;
;                            ;             ;
; Average used               ; 1.00        ;
; Maximum used               ; 16          ;
;                            ;             ;
; Usage by Processor         ; % Time Used ;
;     Processor 1            ; 100.0%      ;
;     Processor 2            ;   0.0%      ;
;     Processors 3-16        ;   0.0%      ;
+----------------------------+-------------+


+-------------------------------------------------------------------------------------------------------------------------------------------------------------------------+
; Analysis & Synthesis Source Files Read                                                                                                                                  ;
+----------------------------------+-----------------+------------------------------------+---------------------------------------------------------------------+---------+
; File Name with User-Entered Path ; Used in Netlist ; File Type                          ; File Name with Absolute Path                                        ; Library ;
+----------------------------------+-----------------+------------------------------------+---------------------------------------------------------------------+---------+
; master_slave_jk.vhd              ; yes             ; User VHDL File                     ; C:/Users/User/OneDrive/Escritorio/contadorvotos/master_slave_jk.vhd ;         ;
; SIMCONT.bdf                      ; yes             ; User Block Diagram/Schematic File  ; C:/Users/User/OneDrive/Escritorio/contadorvotos/SIMCONT.bdf         ;         ;
; mux_4to1.vhd                     ; yes             ; User VHDL File                     ; C:/Users/User/OneDrive/Escritorio/contadorvotos/mux_4to1.vhd        ;         ;
; 7485.tdf                         ; yes             ; Megafunction                       ; c:/intelfpga_lite/19.1/quartus/libraries/others/maxplus2/7485.tdf   ;         ;
; aglobal.inc                      ; yes             ; Megafunction                       ; c:/intelfpga_lite/19.1/quartus/libraries/megafunctions/aglobal.inc  ;         ;
; f7485.bdf                        ; yes             ; Megafunction                       ; c:/intelfpga_lite/19.1/quartus/libraries/others/maxplus2/f7485.bdf  ;         ;
+----------------------------------+-----------------+------------------------------------+---------------------------------------------------------------------+---------+


+-------------------------------------------------------------------------------+
; Analysis & Synthesis Resource Usage Summary                                   ;
+---------------------------------------------+---------------------------------+
; Resource                                    ; Usage                           ;
+---------------------------------------------+---------------------------------+
; Estimate of Logic utilization (ALMs needed) ; 24                              ;
;                                             ;                                 ;
; Combinational ALUT usage for logic          ; 46                              ;
;     -- 7 input functions                    ; 0                               ;
;     -- 6 input functions                    ; 2                               ;
;     -- 5 input functions                    ; 7                               ;
;     -- 4 input functions                    ; 3                               ;
;     -- <=3 input functions                  ; 34                              ;
;                                             ;                                 ;
; Dedicated logic registers                   ; 0                               ;
;                                             ;                                 ;
; I/O pins                                    ; 19                              ;
;                                             ;                                 ;
; Total DSP Blocks                            ; 0                               ;
;                                             ;                                 ;
; Maximum fan-out node                        ; master_slave_jk:inst15|q2$latch ;
; Maximum fan-out                             ; 7                               ;
; Total fan-out                               ; 188                             ;
; Average fan-out                             ; 2.19                            ;
+---------------------------------------------+---------------------------------+


+---------------------------------------------------------------------------------------------------------------------------------------------------------------------------------------------------------+
; Analysis & Synthesis Resource Utilization by Entity                                                                                                                                                     ;
+-----------------------------+---------------------+---------------------------+-------------------+------------+------+--------------+---------------------------------+-----------------+--------------+
; Compilation Hierarchy Node  ; Combinational ALUTs ; Dedicated Logic Registers ; Block Memory Bits ; DSP Blocks ; Pins ; Virtual Pins ; Full Hierarchy Name             ; Entity Name     ; Library Name ;
+-----------------------------+---------------------+---------------------------+-------------------+------------+------+--------------+---------------------------------+-----------------+--------------+
; |SIMCONT                    ; 46 (11)             ; 0 (0)                     ; 0                 ; 0          ; 19   ; 0            ; |SIMCONT                        ; SIMCONT         ; work         ;
;    |7485:inst42|            ; 1 (0)               ; 0 (0)                     ; 0                 ; 0          ; 0    ; 0            ; |SIMCONT|7485:inst42            ; 7485            ; work         ;
;       |f7485:sub|           ; 1 (1)               ; 0 (0)                     ; 0                 ; 0          ; 0    ; 0            ; |SIMCONT|7485:inst42|f7485:sub  ; f7485           ; work         ;
;    |7485:inst4|             ; 1 (0)               ; 0 (0)                     ; 0                 ; 0          ; 0    ; 0            ; |SIMCONT|7485:inst4             ; 7485            ; work         ;
;       |f7485:sub|           ; 1 (1)               ; 0 (0)                     ; 0                 ; 0          ; 0    ; 0            ; |SIMCONT|7485:inst4|f7485:sub   ; f7485           ; work         ;
;    |7485:inst7|             ; 1 (0)               ; 0 (0)                     ; 0                 ; 0          ; 0    ; 0            ; |SIMCONT|7485:inst7             ; 7485            ; work         ;
;       |f7485:sub|           ; 1 (1)               ; 0 (0)                     ; 0                 ; 0          ; 0    ; 0            ; |SIMCONT|7485:inst7|f7485:sub   ; f7485           ; work         ;
;    |master_slave_jk:inst14| ; 6 (6)               ; 0 (0)                     ; 0                 ; 0          ; 0    ; 0            ; |SIMCONT|master_slave_jk:inst14 ; master_slave_jk ; work         ;
;    |master_slave_jk:inst15| ; 6 (6)               ; 0 (0)                     ; 0                 ; 0          ; 0    ; 0            ; |SIMCONT|master_slave_jk:inst15 ; master_slave_jk ; work         ;
;    |master_slave_jk:inst16| ; 6 (6)               ; 0 (0)                     ; 0                 ; 0          ; 0    ; 0            ; |SIMCONT|master_slave_jk:inst16 ; master_slave_jk ; work         ;
;    |master_slave_jk:inst17| ; 6 (6)               ; 0 (0)                     ; 0                 ; 0          ; 0    ; 0            ; |SIMCONT|master_slave_jk:inst17 ; master_slave_jk ; work         ;
;    |master_slave_jk:inst64| ; 6 (6)               ; 0 (0)                     ; 0                 ; 0          ; 0    ; 0            ; |SIMCONT|master_slave_jk:inst64 ; master_slave_jk ; work         ;
;    |mux_4to1:inst18|        ; 1 (1)               ; 0 (0)                     ; 0                 ; 0          ; 0    ; 0            ; |SIMCONT|mux_4to1:inst18        ; mux_4to1        ; work         ;
;    |mux_4to1:inst19|        ; 1 (1)               ; 0 (0)                     ; 0                 ; 0          ; 0    ; 0            ; |SIMCONT|mux_4to1:inst19        ; mux_4to1        ; work         ;
+-----------------------------+---------------------+---------------------------+-------------------+------------+------+--------------+---------------------------------+-----------------+--------------+
Note: For table entries with two numbers listed, the numbers in parentheses indicate the number of resources of the given type used by the specific entity alone. The numbers listed outside of parentheses indicate the total resources of the given type used by the specific entity and all of its sub-entities in the hierarchy.


+----------------------------------------------------------------------------------------------------+
; User-Specified and Inferred Latches                                                                ;
+-----------------------------------------------------+---------------------+------------------------+
; Latch Name                                          ; Latch Enable Signal ; Free of Timing Hazards ;
+-----------------------------------------------------+---------------------+------------------------+
; master_slave_jk:inst15|q1$latch                     ; inst2               ; yes                    ;
; master_slave_jk:inst16|q1$latch                     ; inst3               ; yes                    ;
; master_slave_jk:inst14|q1$latch                     ; inst1               ; yes                    ;
; master_slave_jk:inst17|q1$latch                     ; ins                 ; yes                    ;
; master_slave_jk:inst15|q2$latch                     ; inst2               ; yes                    ;
; master_slave_jk:inst16|q2$latch                     ; inst3               ; yes                    ;
; master_slave_jk:inst14|q2$latch                     ; inst1               ; yes                    ;
; master_slave_jk:inst17|q2$latch                     ; ins                 ; yes                    ;
; master_slave_jk:inst15|z1x$latch                    ; inst2               ; yes                    ;
; master_slave_jk:inst16|z1x$latch                    ; inst3               ; yes                    ;
; master_slave_jk:inst14|z1x$latch                    ; inst1               ; yes                    ;
; master_slave_jk:inst17|z1x$latch                    ; ins                 ; yes                    ;
; master_slave_jk:inst15|z2x$latch                    ; inst2               ; yes                    ;
; master_slave_jk:inst16|z2x$latch                    ; inst3               ; yes                    ;
; master_slave_jk:inst14|z2x$latch                    ; inst1               ; yes                    ;
; master_slave_jk:inst17|z2x$latch                    ; ins                 ; yes                    ;
; master_slave_jk:inst64|q1$latch                     ; inst63              ; yes                    ;
; master_slave_jk:inst64|q2$latch                     ; inst63              ; yes                    ;
; master_slave_jk:inst15|q1x$latch                    ; inst2               ; yes                    ;
; master_slave_jk:inst16|q1x$latch                    ; inst3               ; yes                    ;
; master_slave_jk:inst14|q1x$latch                    ; inst1               ; yes                    ;
; master_slave_jk:inst17|q1x$latch                    ; ins                 ; yes                    ;
; master_slave_jk:inst64|z1x$latch                    ; inst63              ; yes                    ;
; master_slave_jk:inst64|z2x$latch                    ; inst63              ; yes                    ;
; master_slave_jk:inst64|q1x$latch                    ; inst63              ; yes                    ;
; Number of user-specified and inferred latches = 25  ;                     ;                        ;
+-----------------------------------------------------+---------------------+------------------------+
Note: All latches listed above may not be present at the end of synthesis due to various synthesis optimizations.


+------------------------------------------------------+
; General Register Statistics                          ;
+----------------------------------------------+-------+
; Statistic                                    ; Value ;
+----------------------------------------------+-------+
; Total registers                              ; 0     ;
; Number of registers using Synchronous Clear  ; 0     ;
; Number of registers using Synchronous Load   ; 0     ;
; Number of registers using Asynchronous Clear ; 0     ;
; Number of registers using Asynchronous Load  ; 0     ;
; Number of registers using Clock Enable       ; 0     ;
; Number of registers using Preset             ; 0     ;
+----------------------------------------------+-------+


+------------------------------------------------------------------------------------------------------------------------------------------+
; Multiplexer Restructuring Statistics (Restructuring Performed)                                                                           ;
+--------------------+-----------+---------------+----------------------+------------------------+------------+----------------------------+
; Multiplexer Inputs ; Bus Width ; Baseline Area ; Area if Restructured ; Saving if Restructured ; Registered ; Example Multiplexer Output ;
+--------------------+-----------+---------------+----------------------+------------------------+------------+----------------------------+
; 4:1                ; 2 bits    ; 4 LEs         ; 4 LEs                ; 0 LEs                  ; No         ; |SIMCONT|mux_4to1:inst18|Z ;
+--------------------+-----------+---------------+----------------------+------------------------+------------+----------------------------+


+----------------------------------------------------------+
; Parameter Settings for User Entity Instance: 7485:inst42 ;
+------------------------+-----------+---------------------+
; Parameter Name         ; Value     ; Type                ;
+------------------------+-----------+---------------------+
; DEVICE_FAMILY          ; Cyclone V ; Untyped             ;
; AUTO_CARRY_CHAINS      ; ON        ; AUTO_CARRY          ;
; IGNORE_CARRY_BUFFERS   ; OFF       ; IGNORE_CARRY        ;
; AUTO_CASCADE_CHAINS    ; ON        ; AUTO_CASCADE        ;
; IGNORE_CASCADE_BUFFERS ; OFF       ; IGNORE_CASCADE      ;
+------------------------+-----------+---------------------+
Note: In order to hide this table in the UI and the text report file, please set the "Show Parameter Settings in Synthesis Report" option in "Analysis and Synthesis Settings -> More Settings" to "Off".


+---------------------------------------------------------+
; Parameter Settings for User Entity Instance: 7485:inst4 ;
+------------------------+-----------+--------------------+
; Parameter Name         ; Value     ; Type               ;
+------------------------+-----------+--------------------+
; DEVICE_FAMILY          ; Cyclone V ; Untyped            ;
; AUTO_CARRY_CHAINS      ; ON        ; AUTO_CARRY         ;
; IGNORE_CARRY_BUFFERS   ; OFF       ; IGNORE_CARRY       ;
; AUTO_CASCADE_CHAINS    ; ON        ; AUTO_CASCADE       ;
; IGNORE_CASCADE_BUFFERS ; OFF       ; IGNORE_CASCADE     ;
+------------------------+-----------+--------------------+
Note: In order to hide this table in the UI and the text report file, please set the "Show Parameter Settings in Synthesis Report" option in "Analysis and Synthesis Settings -> More Settings" to "Off".


+---------------------------------------------------------+
; Parameter Settings for User Entity Instance: 7485:inst7 ;
+------------------------+-----------+--------------------+
; Parameter Name         ; Value     ; Type               ;
+------------------------+-----------+--------------------+
; DEVICE_FAMILY          ; Cyclone V ; Untyped            ;
; AUTO_CARRY_CHAINS      ; ON        ; AUTO_CARRY         ;
; IGNORE_CARRY_BUFFERS   ; OFF       ; IGNORE_CARRY       ;
; AUTO_CASCADE_CHAINS    ; ON        ; AUTO_CASCADE       ;
; IGNORE_CASCADE_BUFFERS ; OFF       ; IGNORE_CASCADE     ;
+------------------------+-----------+--------------------+
Note: In order to hide this table in the UI and the text report file, please set the "Show Parameter Settings in Synthesis Report" option in "Analysis and Synthesis Settings -> More Settings" to "Off".


+-----------------------------------------------------+
; Post-Synthesis Netlist Statistics for Top Partition ;
+-----------------------+-----------------------------+
; Type                  ; Count                       ;
+-----------------------+-----------------------------+
; arriav_io_obuf        ; 2                           ;
; arriav_lcell_comb     ; 46                          ;
;     normal            ; 46                          ;
;         2 data inputs ; 4                           ;
;         3 data inputs ; 30                          ;
;         4 data inputs ; 3                           ;
;         5 data inputs ; 7                           ;
;         6 data inputs ; 2                           ;
; boundary_port         ; 19                          ;
;                       ;                             ;
; Max LUT depth         ; 4.00                        ;
; Average LUT depth     ; 2.14                        ;
+-----------------------+-----------------------------+


+-------------------------------+
; Elapsed Time Per Partition    ;
+----------------+--------------+
; Partition Name ; Elapsed Time ;
+----------------+--------------+
; Top            ; 00:00:00     ;
+----------------+--------------+


+-------------------------------+
; Analysis & Synthesis Messages ;
+-------------------------------+
Info: *******************************************************************
Info: Running Quartus Prime Analysis & Synthesis
    Info: Version 19.1.0 Build 670 09/22/2019 SJ Lite Edition
    Info: Processing started: Fri Jan 19 05:13:30 2024
Info: Command: quartus_map --read_settings_files=on --write_settings_files=off SIMCONT -c SIMCONT
Warning (18236): Number of processors has not been specified which may cause overloading on shared machines.  Set the global assignment NUM_PARALLEL_PROCESSORS in your QSF to an appropriate value for best performance.
Info (20030): Parallel compilation is enabled and will use 16 of the 16 processors detected
Info (12021): Found 2 design units, including 1 entities, in source file master_slave_jk.vhd
    Info (12022): Found design unit 1: master_slave_jk-arc File: C:/Users/User/OneDrive/Escritorio/contadorvotos/master_slave_jk.vhd Line: 9
    Info (12023): Found entity 1: master_slave_jk File: C:/Users/User/OneDrive/Escritorio/contadorvotos/master_slave_jk.vhd Line: 4
Info (12021): Found 1 design units, including 1 entities, in source file simcont.bdf
    Info (12023): Found entity 1: SIMCONT
Info (12021): Found 2 design units, including 1 entities, in source file mux_4to1.vhd
    Info (12022): Found design unit 1: mux_4to1-bhv File: C:/Users/User/OneDrive/Escritorio/contadorvotos/mux_4to1.vhd Line: 13
    Info (12023): Found entity 1: mux_4to1 File: C:/Users/User/OneDrive/Escritorio/contadorvotos/mux_4to1.vhd Line: 4
Info (12021): Found 2 design units, including 1 entities, in source file decoder.vhd
    Info (12022): Found design unit 1: decoderBCD4to7segments-arch File: C:/Users/User/OneDrive/Escritorio/contadorvotos/decoder.vhd Line: 11
    Info (12023): Found entity 1: decoderBCD4to7segments File: C:/Users/User/OneDrive/Escritorio/contadorvotos/decoder.vhd Line: 4
Info (12127): Elaborating entity "SIMCONT" for the top level hierarchy
Warning (275009): Pin "S1" not connected
Warning (275009): Pin "S2" not connected
Warning (275008): Primitive "NAND4" of instance "inst" not used
Info (12128): Elaborating entity "mux_4to1" for hierarchy "mux_4to1:inst18"
Info (12128): Elaborating entity "master_slave_jk" for hierarchy "master_slave_jk:inst17"
Warning (10492): VHDL Process Statement warning at master_slave_jk.vhd(16): signal "j" is read inside the Process Statement but isn't in the Process Statement's sensitivity list File: C:/Users/User/OneDrive/Escritorio/contadorvotos/master_slave_jk.vhd Line: 16
Warning (10492): VHDL Process Statement warning at master_slave_jk.vhd(16): signal "q2" is read inside the Process Statement but isn't in the Process Statement's sensitivity list File: C:/Users/User/OneDrive/Escritorio/contadorvotos/master_slave_jk.vhd Line: 16
Warning (10492): VHDL Process Statement warning at master_slave_jk.vhd(16): signal "k" is read inside the Process Statement but isn't in the Process Statement's sensitivity list File: C:/Users/User/OneDrive/Escritorio/contadorvotos/master_slave_jk.vhd Line: 16
Warning (10492): VHDL Process Statement warning at master_slave_jk.vhd(17): signal "z1x" is read inside the Process Statement but isn't in the Process Statement's sensitivity list File: C:/Users/User/OneDrive/Escritorio/contadorvotos/master_slave_jk.vhd Line: 17
Warning (10492): VHDL Process Statement warning at master_slave_jk.vhd(18): signal "z1x" is read inside the Process Statement but isn't in the Process Statement's sensitivity list File: C:/Users/User/OneDrive/Escritorio/contadorvotos/master_slave_jk.vhd Line: 18
Warning (10492): VHDL Process Statement warning at master_slave_jk.vhd(22): signal "q1" is read inside the Process Statement but isn't in the Process Statement's sensitivity list File: C:/Users/User/OneDrive/Escritorio/contadorvotos/master_slave_jk.vhd Line: 22
Warning (10492): VHDL Process Statement warning at master_slave_jk.vhd(22): signal "q2" is read inside the Process Statement but isn't in the Process Statement's sensitivity list File: C:/Users/User/OneDrive/Escritorio/contadorvotos/master_slave_jk.vhd Line: 22
Warning (10492): VHDL Process Statement warning at master_slave_jk.vhd(22): signal "q1x" is read inside the Process Statement but isn't in the Process Statement's sensitivity list File: C:/Users/User/OneDrive/Escritorio/contadorvotos/master_slave_jk.vhd Line: 22
Warning (10492): VHDL Process Statement warning at master_slave_jk.vhd(23): signal "z2x" is read inside the Process Statement but isn't in the Process Statement's sensitivity list File: C:/Users/User/OneDrive/Escritorio/contadorvotos/master_slave_jk.vhd Line: 23
Warning (10492): VHDL Process Statement warning at master_slave_jk.vhd(24): signal "z2x" is read inside the Process Statement but isn't in the Process Statement's sensitivity list File: C:/Users/User/OneDrive/Escritorio/contadorvotos/master_slave_jk.vhd Line: 24
Warning (10631): VHDL Process Statement warning at master_slave_jk.vhd(11): inferring latch(es) for signal or variable "z1x", which holds its previous value in one or more paths through the process File: C:/Users/User/OneDrive/Escritorio/contadorvotos/master_slave_jk.vhd Line: 11
Warning (10631): VHDL Process Statement warning at master_slave_jk.vhd(11): inferring latch(es) for signal or variable "q1", which holds its previous value in one or more paths through the process File: C:/Users/User/OneDrive/Escritorio/contadorvotos/master_slave_jk.vhd Line: 11
Warning (10631): VHDL Process Statement warning at master_slave_jk.vhd(11): inferring latch(es) for signal or variable "q1x", which holds its previous value in one or more paths through the process File: C:/Users/User/OneDrive/Escritorio/contadorvotos/master_slave_jk.vhd Line: 11
Warning (10631): VHDL Process Statement warning at master_slave_jk.vhd(11): inferring latch(es) for signal or variable "z2x", which holds its previous value in one or more paths through the process File: C:/Users/User/OneDrive/Escritorio/contadorvotos/master_slave_jk.vhd Line: 11
Warning (10631): VHDL Process Statement warning at master_slave_jk.vhd(11): inferring latch(es) for signal or variable "q2", which holds its previous value in one or more paths through the process File: C:/Users/User/OneDrive/Escritorio/contadorvotos/master_slave_jk.vhd Line: 11
Warning (10631): VHDL Process Statement warning at master_slave_jk.vhd(11): inferring latch(es) for signal or variable "q2x", which holds its previous value in one or more paths through the process File: C:/Users/User/OneDrive/Escritorio/contadorvotos/master_slave_jk.vhd Line: 11
Info (10041): Inferred latch for "q2x" at master_slave_jk.vhd(11) File: C:/Users/User/OneDrive/Escritorio/contadorvotos/master_slave_jk.vhd Line: 11
Info (10041): Inferred latch for "q2" at master_slave_jk.vhd(11) File: C:/Users/User/OneDrive/Escritorio/contadorvotos/master_slave_jk.vhd Line: 11
Info (10041): Inferred latch for "z2x" at master_slave_jk.vhd(11) File: C:/Users/User/OneDrive/Escritorio/contadorvotos/master_slave_jk.vhd Line: 11
Info (10041): Inferred latch for "q1x" at master_slave_jk.vhd(11) File: C:/Users/User/OneDrive/Escritorio/contadorvotos/master_slave_jk.vhd Line: 11
Info (10041): Inferred latch for "q1" at master_slave_jk.vhd(11) File: C:/Users/User/OneDrive/Escritorio/contadorvotos/master_slave_jk.vhd Line: 11
Info (10041): Inferred latch for "z1x" at master_slave_jk.vhd(11) File: C:/Users/User/OneDrive/Escritorio/contadorvotos/master_slave_jk.vhd Line: 11
Info (12128): Elaborating entity "7485" for hierarchy "7485:inst42"
Info (12130): Elaborated megafunction instantiation "7485:inst42"
Info (12128): Elaborating entity "f7485" for hierarchy "7485:inst42|f7485:sub" File: c:/intelfpga_lite/19.1/quartus/libraries/others/maxplus2/7485.tdf Line: 27
Info (12131): Elaborated megafunction instantiation "7485:inst42|f7485:sub", which is child of megafunction instantiation "7485:inst42" File: c:/intelfpga_lite/19.1/quartus/libraries/others/maxplus2/7485.tdf Line: 27
Warning (13034): The following nodes have both tri-state and non-tri-state drivers
    Warning (13035): Inserted always-enabled tri-state buffer between "nl1" and its non-tri-state driver.
    Warning (13035): Inserted always-enabled tri-state buffer between "nl2" and its non-tri-state driver.
Info (13060): One or more bidirectional pins are fed by always enabled tri-state buffers
    Info (13061): Fan-out of permanently enabled tri-state buffer feeding bidirectional pin "nl1" is moved to its source
    Info (13061): Fan-out of permanently enabled tri-state buffer feeding bidirectional pin "nl2" is moved to its source
Warning (13009): TRI or OPNDRN buffers permanently enabled
    Warning (13010): Node "nl1~synth"
    Warning (13010): Node "nl2~synth"
Info (286030): Timing-Driven Synthesis is running
Info (16010): Generating hard_block partition "hard_block:auto_generated_inst"
    Info (16011): Adding 0 node(s), including 0 DDIO, 0 PLL, 0 transceiver and 0 LCELL
Warning (21074): Design contains 2 input pin(s) that do not drive logic
    Warning (15610): No output dependent on input pin "S1"
    Warning (15610): No output dependent on input pin "S2"
Info (21057): Implemented 65 device resources after synthesis - the final resource count might be different
    Info (21058): Implemented 9 input pins
    Info (21059): Implemented 8 output pins
    Info (21060): Implemented 2 bidirectional pins
    Info (21061): Implemented 46 logic cells
Info: Quartus Prime Analysis & Synthesis was successful. 0 errors, 29 warnings
    Info: Peak virtual memory: 4919 megabytes
    Info: Processing ended: Fri Jan 19 05:13:39 2024
    Info: Elapsed time: 00:00:09
    Info: Total CPU time (on all processors): 00:00:10


